<?xml version="1.0" encoding="UTF-8"?>
<!-- Generated by org.testng.reporters.JUnitXMLReporter -->
<testsuite ignored="12" hostname="TianaGrace" failures="0" tests="5" name="Test" time="79.988" errors="0" timestamp="2022-09-28T11:24:21 IST">
  <testcase classname="testCases.LoginPageTest" name="loginTest" time="1.402"/>
  <testcase classname="testCases.HomePageTest" name="verifyselectProduct" time="6.543"/>
  <testcase classname="testCases.ProductPageTest" name="verifyAddToCart" time="26.166"/>
  <testcase classname="testCases.ProductPageTest" name="verifyproductName" time="23.84"/>
  <testcase classname="testCases.CartPageTest" name="verifyProduct" time="15.528"/>
  <testcase classname="Base.TestBase" name="@BeforeSuite startTest" time="0.0">
    <ignored/>
  </testcase> <!-- @BeforeSuite startTest -->
  <testcase classname="Base.TestBase" name="@BeforeSuite startTest" time="0.0">
    <ignored/>
  </testcase> <!-- @BeforeSuite startTest -->
  <testcase classname="Base.TestBase" name="@BeforeSuite startTest" time="0.0">
    <ignored/>
  </testcase> <!-- @BeforeSuite startTest -->
  <testcase classname="Base.TestBase" name="@BeforeTest initialization" time="0.0">
    <ignored/>
  </testcase> <!-- @BeforeTest initialization -->
  <testcase classname="Base.TestBase" name="@BeforeTest initialization" time="0.0">
    <ignored/>
  </testcase> <!-- @BeforeTest initialization -->
  <testcase classname="Base.TestBase" name="@BeforeTest initialization" time="0.0">
    <ignored/>
  </testcase> <!-- @BeforeTest initialization -->
  <testcase classname="Base.TestBase" name="@AfterTest driver_method_close" time="0.0">
    <ignored/>
  </testcase> <!-- @AfterTest driver_method_close -->
  <testcase classname="Base.TestBase" name="@AfterTest driver_method_close" time="0.0">
    <ignored/>
  </testcase> <!-- @AfterTest driver_method_close -->
  <testcase classname="Base.TestBase" name="@AfterTest driver_method_close" time="0.0">
    <ignored/>
  </testcase> <!-- @AfterTest driver_method_close -->
  <testcase classname="Base.TestBase" name="@AfterSuite tearDown" time="0.0">
    <ignored/>
  </testcase> <!-- @AfterSuite tearDown -->
  <testcase classname="Base.TestBase" name="@AfterSuite tearDown" time="0.0">
    <ignored/>
  </testcase> <!-- @AfterSuite tearDown -->
  <testcase classname="Base.TestBase" name="@AfterSuite tearDown" time="0.0">
    <ignored/>
  </testcase> <!-- @AfterSuite tearDown -->
</testsuite> <!-- Test -->
