<?xml version="1.0" encoding="UTF-8"?>
<testng-results ignored="12" total="17" passed="5" failed="0" skipped="0">
  <reporter-output>
  </reporter-output>
  <suite started-at="2022-09-28T11:23:01 IST" name="Suite" finished-at="2022-09-28T11:24:21 IST" duration-ms="79988">
    <groups>
    </groups>
    <test started-at="2022-09-28T11:23:01 IST" name="Test" finished-at="2022-09-28T11:24:21 IST" duration-ms="79988">
      <class name="testCases.LoginPageTest">
        <test-method is-config="true" signature="startTest()[pri:0, instance:testCases.LoginPageTest@57cf54e1]" started-at="2022-09-28T11:23:01 IST" name="startTest" finished-at="2022-09-28T11:23:01 IST" duration-ms="307" status="PASS">
          <reporter-output>
          </reporter-output>
        </test-method> <!-- startTest -->
        <test-method is-config="true" signature="initialization()[pri:0, instance:testCases.LoginPageTest@57cf54e1]" started-at="2022-09-28T11:23:01 IST" name="initialization" finished-at="2022-09-28T11:23:05 IST" duration-ms="3911" status="PASS">
          <reporter-output>
          </reporter-output>
        </test-method> <!-- initialization -->
        <test-method is-config="true" signature="setUp()[pri:0, instance:testCases.LoginPageTest@57cf54e1]" started-at="2022-09-28T11:23:05 IST" name="setUp" finished-at="2022-09-28T11:23:05 IST" duration-ms="48" status="PASS">
          <reporter-output>
          </reporter-output>
        </test-method> <!-- setUp -->
        <test-method signature="loginTest()[pri:0, instance:testCases.LoginPageTest@57cf54e1]" started-at="2022-09-28T11:23:05 IST" name="loginTest" finished-at="2022-09-28T11:23:07 IST" duration-ms="1402" status="PASS">
          <reporter-output>
          </reporter-output>
        </test-method> <!-- loginTest -->
        <test-method is-config="true" signature="driver_method_close()[pri:0, instance:testCases.LoginPageTest@57cf54e1]" started-at="2022-09-28T11:24:21 IST" name="driver_method_close" finished-at="2022-09-28T11:24:21 IST" duration-ms="215" status="PASS">
          <reporter-output>
          </reporter-output>
        </test-method> <!-- driver_method_close -->
        <test-method is-config="true" signature="tearDown()[pri:0, instance:testCases.LoginPageTest@57cf54e1]" started-at="2022-09-28T11:24:21 IST" name="tearDown" finished-at="2022-09-28T11:24:22 IST" duration-ms="288" status="PASS">
          <reporter-output>
          </reporter-output>
        </test-method> <!-- tearDown -->
      </class> <!-- testCases.LoginPageTest -->
      <class name="testCases.CartPageTest">
        <test-method is-config="true" signature="setUp()[pri:0, instance:testCases.CartPageTest@17497425]" started-at="2022-09-28T11:24:06 IST" name="setUp" finished-at="2022-09-28T11:24:06 IST" duration-ms="1" status="PASS">
          <reporter-output>
          </reporter-output>
        </test-method> <!-- setUp -->
        <test-method signature="verifyProduct(java.lang.String,java.lang.String)[pri:0, instance:testCases.CartPageTest@17497425]" started-at="2022-09-28T11:24:06 IST" name="verifyProduct" data-provider="getSauceDemoTestData" finished-at="2022-09-28T11:24:21 IST" duration-ms="15528" status="PASS">
          <params>
            <param index="0">
              <value>
                <![CDATA[Price (low to high)]]>
              </value>
            </param>
            <param index="1">
              <value>
                <![CDATA[Sauce Labs Fleece Jacket]]>
              </value>
            </param>
          </params>
          <reporter-output>
          </reporter-output>
        </test-method> <!-- verifyProduct -->
      </class> <!-- testCases.CartPageTest -->
      <class name="testCases.ProductPageTest">
        <test-method is-config="true" signature="setUp()[pri:0, instance:testCases.ProductPageTest@194bcebf]" started-at="2022-09-28T11:23:15 IST" name="setUp" finished-at="2022-09-28T11:23:15 IST" duration-ms="8" status="PASS">
          <reporter-output>
          </reporter-output>
        </test-method> <!-- setUp -->
        <test-method signature="verifyAddToCart(java.lang.String,java.lang.String)[pri:0, instance:testCases.ProductPageTest@194bcebf]" started-at="2022-09-28T11:23:15 IST" name="verifyAddToCart" data-provider="getSauceDemoTestData" finished-at="2022-09-28T11:23:42 IST" duration-ms="26166" status="PASS">
          <params>
            <param index="0">
              <value>
                <![CDATA[Price (low to high)]]>
              </value>
            </param>
            <param index="1">
              <value>
                <![CDATA[Sauce Labs Fleece Jacket]]>
              </value>
            </param>
          </params>
          <reporter-output>
          </reporter-output>
        </test-method> <!-- verifyAddToCart -->
        <test-method is-config="true" signature="setUp()[pri:0, instance:testCases.ProductPageTest@194bcebf]" started-at="2022-09-28T11:23:42 IST" name="setUp" finished-at="2022-09-28T11:23:42 IST" duration-ms="8" status="PASS">
          <reporter-output>
          </reporter-output>
        </test-method> <!-- setUp -->
        <test-method signature="verifyproductName(java.lang.String,java.lang.String)[pri:0, instance:testCases.ProductPageTest@194bcebf]" started-at="2022-09-28T11:23:42 IST" name="verifyproductName" data-provider="getSauceDemoTestData" finished-at="2022-09-28T11:24:05 IST" duration-ms="23840" status="PASS">
          <params>
            <param index="0">
              <value>
                <![CDATA[Price (low to high)]]>
              </value>
            </param>
            <param index="1">
              <value>
                <![CDATA[Sauce Labs Fleece Jacket]]>
              </value>
            </param>
          </params>
          <reporter-output>
          </reporter-output>
        </test-method> <!-- verifyproductName -->
      </class> <!-- testCases.ProductPageTest -->
      <class name="testCases.HomePageTest">
        <test-method is-config="true" signature="setUp()[pri:0, instance:testCases.HomePageTest@3c7f66c4]" started-at="2022-09-28T11:23:09 IST" name="setUp" finished-at="2022-09-28T11:23:09 IST" duration-ms="3" status="PASS">
          <reporter-output>
          </reporter-output>
        </test-method> <!-- setUp -->
        <test-method signature="verifyselectProduct(java.lang.String,java.lang.String)[pri:1, instance:testCases.HomePageTest@3c7f66c4]" started-at="2022-09-28T11:23:09 IST" name="verifyselectProduct" data-provider="getSauceDemoTestData" finished-at="2022-09-28T11:23:15 IST" duration-ms="6543" status="PASS">
          <params>
            <param index="0">
              <value>
                <![CDATA[Price (low to high)]]>
              </value>
            </param>
            <param index="1">
              <value>
                <![CDATA[Sauce Labs Fleece Jacket]]>
              </value>
            </param>
          </params>
          <reporter-output>
          </reporter-output>
        </test-method> <!-- verifyselectProduct -->
      </class> <!-- testCases.HomePageTest -->
    </test> <!-- Test -->
  </suite> <!-- Suite -->
</testng-results>
